
2020-8-18 10:59:19

Operating System
  Name                        = macOS
  Version                     = 11.0
  Architecture                = 64bit
  # CPUs                      = 12
  Memory                      = 17179869184

Node.js
  Node.js Version             = 12.18.1
  npm Version                 = 6.14.7

Titanium CLI
  CLI Version                 = 5.2.0

Titanium SDK
  SDK Version                 = 9.0.3.GA
  SDK Path                    = /Users/hans/Library/Application Support/Titanium/mobilesdk/osx/9.0.3.GA
  Target Platform             = android

Command
  /usr/local/bin/node /usr/local/bin/ti build -p android --build-only

[INFO]   Assets Dir: /Users/hans/Documents/dev/titanium/Ti.Infonline/assets
[INFO]   Documentation Dir: /Users/hans/Documents/dev/titanium/Ti.Infonline/documentation
[INFO]   Example Dir: /Users/hans/Documents/dev/titanium/Ti.Infonline/example
[INFO]   Platform Dir: /Users/hans/Documents/dev/titanium/Ti.Infonline/android/platform
[INFO]   Resources Dir: /Users/hans/Documents/dev/titanium/Ti.Infonline/Resources
[INFO]   Generating root project files
[INFO]   Generating gradle project: module
[INFO]   Building module
[INFO]   [GRADLE] 
[INFO]   [GRADLE] > Configure project :module
[INFO]   [GRADLE] Internal API constructor DefaultDomainObjectSet(Class<T>) has been deprecated. This is scheduled to be removed in Gradle 7.0. Please use ObjectFactory.domainObjectSet(Class<T>) instead. See https://docs.gradle.org/6.3/userguide/custom_gradle_types.html#domainobjectset for more details.
[INFO]   [GRADLE] 	at build_6opfnqnwtckshufday87teeb6.run(/Users/hans/Documents/dev/titanium/Ti.Infonline/android/build/module/build.gradle:2)
[INFO]   [GRADLE] 	(Run with --stacktrace to get the full stack trace of this deprecation warning.)
[INFO]   [GRADLE] 
[INFO]   [GRADLE] > Task :module:preBuild
[INFO]   [GRADLE] > Task :module:preReleaseBuild
[INFO]   [GRADLE] > Task :module:compileReleaseAidl NO-SOURCE
[INFO]   [GRADLE] > Task :module:compileReleaseRenderscript NO-SOURCE
[INFO]   [GRADLE] > Task :module:generateReleaseBuildConfig UP-TO-DATE
[INFO]   [GRADLE] > Task :module:generateReleaseResValues UP-TO-DATE
[INFO]   [GRADLE] > Task :module:generateReleaseResources UP-TO-DATE
[INFO]   [GRADLE] > Task :module:packageReleaseResources UP-TO-DATE
[INFO]   [GRADLE] > Task :module:parseReleaseLocalResources UP-TO-DATE
[INFO]   [GRADLE] > Task :module:processReleaseManifest UP-TO-DATE
[INFO]   [GRADLE] > Task :module:generateReleaseRFile UP-TO-DATE
[INFO]   [GRADLE] > Task :module:kaptGenerateStubsReleaseKotlin UP-TO-DATE
[INFO]   [GRADLE] > Task :module:kaptReleaseKotlin UP-TO-DATE
[INFO]   [GRADLE] > Task :module:compileReleaseKotlin UP-TO-DATE
[INFO]   [GRADLE] > Task :module:javaPreCompileRelease UP-TO-DATE
[INFO]   [GRADLE] Querying the mapped value of map(property(interface org.gradle.api.file.Directory, property(interface org.gradle.api.file.Directory, fixed(class org.gradle.api.internal.file.DefaultFilePropertyFactory$FixedDirectory, /Users/hans/Documents/dev/titanium/Ti.Infonline/android/build/module/build/generated/ap_generated_sources/release/out)))) before task ':module:compileReleaseJavaWithJavac' has completed has been deprecated. This will fail with an error in Gradle 7.0. Consult the upgrading guide for further information: https://docs.gradle.org/6.3/userguide/upgrading_version_6.html#querying_a_mapped_output_property_of_a_task_before_the_task_has_completed
[INFO]   [GRADLE] > Task :module:compileReleaseJavaWithJavac UP-TO-DATE
[INFO]   [GRADLE] > Task :module:generateJsonModelRelease UP-TO-DATE
[INFO]   [GRADLE] 
[INFO]   [GRADLE] > Task :module:externalNativeBuildRelease
[INFO]   [GRADLE] Build ti.infonline_armeabi-v7a
[INFO]   [GRADLE] Android NDK: WARNING:/Users/hans/Documents/dev/titanium/Ti.Infonline/android/build/module/src/main/jni/Android.mk:ti.infonline: non-system libraries in linker flags: -lkroll-v8    
[INFO]   [GRADLE] Android NDK:     This is likely to result in incorrect builds. Try using LOCAL_STATIC_LIBRARIES    
[INFO]   [GRADLE] Android NDK:     or LOCAL_SHARED_LIBRARIES instead to list the library dependencies of the    
[INFO]   [GRADLE] Android NDK:     current module    
[INFO]   [GRADLE] [armeabi-v7a] Compile++ thumb: ti.infonline <= TiModuleBootstrap.cpp
[INFO]   [GRADLE] [armeabi-v7a] Compile++ thumb: ti.infonline <= ti.infonline.InfonlineModule.cpp
[INFO]   [GRADLE] [armeabi-v7a] SharedLibrary  : libti.infonline.so
[INFO]   [GRADLE] Build ti.infonline_arm64-v8a
[INFO]   [GRADLE] Android NDK: WARNING:/Users/hans/Documents/dev/titanium/Ti.Infonline/android/build/module/src/main/jni/Android.mk:ti.infonline: non-system libraries in linker flags: -lkroll-v8    
[INFO]   [GRADLE] Android NDK:     This is likely to result in incorrect builds. Try using LOCAL_STATIC_LIBRARIES    
[INFO]   [GRADLE] Android NDK:     or LOCAL_SHARED_LIBRARIES instead to list the library dependencies of the    
[INFO]   [GRADLE] Android NDK:     current module    
[INFO]   [GRADLE] [arm64-v8a] Compile++      : ti.infonline <= TiModuleBootstrap.cpp
[INFO]   [GRADLE] [arm64-v8a] Compile++      : ti.infonline <= ti.infonline.InfonlineModule.cpp
[INFO]   [GRADLE] [arm64-v8a] SharedLibrary  : libti.infonline.so
[INFO]   [GRADLE] Build ti.infonline_x86
[INFO]   [GRADLE] Android NDK: WARNING:/Users/hans/Documents/dev/titanium/Ti.Infonline/android/build/module/src/main/jni/Android.mk:ti.infonline: non-system libraries in linker flags: -lkroll-v8    
[INFO]   [GRADLE] Android NDK:     This is likely to result in incorrect builds. Try using LOCAL_STATIC_LIBRARIES    
[INFO]   [GRADLE] Android NDK:     or LOCAL_SHARED_LIBRARIES instead to list the library dependencies of the    
[INFO]   [GRADLE] Android NDK:     current module    
[INFO]   [GRADLE] [x86] Compile++      : ti.infonline <= TiModuleBootstrap.cpp
[INFO]   [GRADLE] [x86] Compile++      : ti.infonline <= ti.infonline.InfonlineModule.cpp
[INFO]   [GRADLE] [x86] SharedLibrary  : libti.infonline.so
[INFO]   [GRADLE] Build ti.infonline_x86_64
[INFO]   [GRADLE] Android NDK: WARNING:/Users/hans/Documents/dev/titanium/Ti.Infonline/android/build/module/src/main/jni/Android.mk:ti.infonline: non-system libraries in linker flags: -lkroll-v8    
[INFO]   [GRADLE] Android NDK:     This is likely to result in incorrect builds. Try using LOCAL_STATIC_LIBRARIES    
[INFO]   [GRADLE] Android NDK:     or LOCAL_SHARED_LIBRARIES instead to list the library dependencies of the    
[INFO]   [GRADLE] Android NDK:     current module    
[INFO]   [GRADLE] [x86_64] Compile++      : ti.infonline <= TiModuleBootstrap.cpp
[INFO]   [GRADLE] [x86_64] Compile++      : ti.infonline <= ti.infonline.InfonlineModule.cpp
[INFO]   [GRADLE] [x86_64] SharedLibrary  : libti.infonline.so
[INFO]   [GRADLE] 
[INFO]   [GRADLE] > Task :module:mergeReleaseJniLibFolders UP-TO-DATE
[INFO]   [GRADLE] > Task :module:mergeReleaseNativeLibs UP-TO-DATE
[INFO]   [GRADLE] > Task :module:stripReleaseDebugSymbols UP-TO-DATE
[INFO]   [GRADLE] > Task :module:copyReleaseJniLibsProjectAndLocalJars UP-TO-DATE
[INFO]   [GRADLE] > Task :module:extractReleaseAnnotations UP-TO-DATE
[INFO]   [GRADLE] > Task :module:mergeReleaseGeneratedProguardFiles UP-TO-DATE
[INFO]   [GRADLE] > Task :module:mergeReleaseConsumerProguardFiles UP-TO-DATE
[INFO]   [GRADLE] > Task :module:mergeReleaseShaders UP-TO-DATE
[INFO]   [GRADLE] > Task :module:compileReleaseShaders UP-TO-DATE
[INFO]   [GRADLE] > Task :module:generateReleaseAssets UP-TO-DATE
[INFO]   [GRADLE] > Task :module:packageReleaseAssets UP-TO-DATE
[INFO]   [GRADLE] > Task :module:packageReleaseRenderscript NO-SOURCE
[INFO]   [GRADLE] > Task :module:prepareLintJarForPublish UP-TO-DATE
[INFO]   [GRADLE] > Task :module:processReleaseJavaRes NO-SOURCE
[INFO]   [GRADLE] > Task :module:mergeReleaseJavaResource UP-TO-DATE
[INFO]   [GRADLE] > Task :module:syncReleaseLibJars UP-TO-DATE
[INFO]   [GRADLE] 
[INFO]   [GRADLE] > Task :module:bundleReleaseAar UP-TO-DATE
[INFO]   [GRADLE] WARNING: The AAR produced by this build for the :module project is broken. Direct local .aar file dependencies are not supported when building an AAR. The resulting AAR is broken because the classes and Android resources from any local .aar file dependencies are not packaged in the resulting AAR. Previous versions of the Android Gradle Plugin produce broken AARs in this case too (despite not having this warning), and this warning will be replaced with an error in subsequent versions of the Android Gradle Plugin. The following direct local .aar file dependencies caused this warning: /Users/hans/Documents/dev/titanium/Ti.Infonline/android/libs/infonlinelib_2.1.2.aar
[INFO]   [GRADLE] 
[INFO]   [GRADLE] > Task :module:compileReleaseSources
[INFO]   [GRADLE] > Task :module:mergeReleaseResources UP-TO-DATE
[INFO]   [GRADLE] > Task :module:verifyReleaseResources UP-TO-DATE
[INFO]   [GRADLE] > Task :module:assembleRelease
[INFO]   [GRADLE] 
[INFO]   [GRADLE] BUILD SUCCESSFUL in 4s
[INFO]   [GRADLE] 30 actionable tasks: 2 executed, 28 up-to-date
[INFO]   [GRADLE] > Task :module:generatePomFileForTitaniumPublicationPublication
[INFO]   [GRADLE] > Task :module:publishTitaniumPublicationPublicationToMavenRepository
[INFO]   [GRADLE] > Task :module:publish
[INFO]   [GRADLE] 
[INFO]   [GRADLE] Deprecated Gradle features were used in this build, making it incompatible with Gradle 7.0.
[INFO]   [GRADLE] Use '--warning-mode all' to show the individual deprecation warnings.
[INFO]   [GRADLE] See https://docs.gradle.org/6.3/userguide/command_line_interface.html#sec:command_line_warnings
[INFO]   [GRADLE] 
[INFO]   [GRADLE] BUILD SUCCESSFUL in 622ms
[INFO]   [GRADLE] 2 actionable tasks: 2 executed
[INFO]   Packaging the module
[INFO]   Creating module zip
[INFO]   Writing module zip: /Users/hans/Documents/dev/titanium/Ti.Infonline/android/dist/ti.infonline-android-1.0.0.zip
[INFO]   Project built successfully in 6s 913ms
